2020-09-02 17:08:14,476
2020-09-02 17:08:25,193
2020-09-02 17:08:29,168
2020-09-02 17:08:30,472
2020-09-02 17:09:27,733 And you know what that's it...
2020-09-02 17:09:34,097 And you know what that's it...
2020-09-02 17:09:56,994 And you know what that's it...
2020-09-02 17:09:58,281 And you know what that's it...
2020-09-02 17:09:59,646 And you know what that's it...
2020-09-02 17:10:00,769 And you know what that's it...
2020-09-02 17:10:01,945 And you know what that's it...
2020-09-02 17:11:24,329 And you know what that's it...
2020-09-02 17:41:27,940 NOw tha's a error a real fu error ERROR
2020-09-02 17:41:40,365 NOw tha's a error a real fu error ERROR
2020-09-02 17:41:42,820 NOw tha's a error a real fu error ERROR
2020-09-02 17:41:44,560 NOw tha's a error a real fu error ERROR
2020-09-02 17:47:13,540 And you know what that's it... DEBUG
2020-09-02 17:47:20,640 And you know what that's it... DEBUG
2020-09-02 17:47:24,440 And you know what that's it... DEBUG
2020-09-02 17:47:28,490 And you know what that's it... DEBUG
2020-09-02 17:49:00,195And you know what that's it...DEBUG
2020-09-02 17:49:13,645And you know what that's it...DEBUG
2020-09-02 17:54:55,710 And you know what that's it... DEBUG
2020-09-02 17:54:57,565 And you know what that's it... DEBUG
2020-09-02 17:54:58,231 And you know what that's it... DEBUG
2020-09-02 17:55:01,105 And you know what that's it... DEBUG
2020-09-02 17:55:04,150 And you know what that's it... DEBUG
2020-09-02 19:34:14,952 And you know what that's it...%(asctime)s CRITICAL
2020-09-02 19:34:40,182 And you know what that's it...%(asctime)s CRITICAL
